<?xml version="1.0" encoding="UTF-8"?>
<!-- Generated by org.testng.reporters.JUnitReportReporter -->
<testsuite hostname="MSI" failures="0" tests="1" name="com.actitime.testcase.CustomerModule" time="25.683" errors="0" timestamp="2022-11-26T12:36:22 IST" skipped="0">
  <testcase classname="com.actitime.testcase.CustomerModule" name="testCreateCustomer" time="25.683"/>
  <system-out>
    <![CDATA[CreateCustomer]]>
  </system-out>
</testsuite> <!-- com.actitime.testcase.CustomerModule -->
